#
# There is insufficient memory for the Java Runtime Environment to continue.
# Native memory allocation (mmap) failed to map 65011712 bytes for Failed to commit area from 0x00000000c2600000 to 0x00000000c6400000 of length 65011712.
# Possible reasons:
#   The system is out of physical RAM or swap space
#   The process is running with CompressedOops enabled, and the Java Heap may be blocking the growth of the native heap
# Possible solutions:
#   Reduce memory load on the system
#   Increase physical memory or swap space
#   Check if swap backing store is full
#   Decrease Java heap size (-Xmx/-Xms)
#   Decrease number of Java threads
#   Decrease Java thread stack sizes (-Xss)
#   Set larger code cache with -XX:ReservedCodeCacheSize=
# This output file may be truncated or incomplete.
#
#  Out of Memory Error (c:/BuildAgent/work/5ff2f6c26000d570/src/hotspot/os/windows/os_windows.cpp:3281), pid=6448, tid=1452
#
# JRE version:  (11.0.4+10) (build )
# Java VM: OpenJDK 64-Bit Server VM (11.0.4+10-b304.77, mixed mode, aot, sharing, tiered, compressed oops, g1 gc, windows-amd64)
# No core dump will be written. Minidumps are not enabled by default on client versions of Windows
#

---------------  S U M M A R Y ------------

Command Line: org.jetbrains.git4idea.http.GitAskPassApp Username for 'https://github.com': 

Host: Intel(R) Pentium(R) CPU N4200 @ 1.10GHz, 4 cores, 3G,  Windows 10 , 64 bit Build 17763 (10.0.17763.475)
Time: Thu Nov 21 15:57:47 2019 Pacific Standard Time elapsed time: 0 seconds (0d 0h 0m 0s)

---------------  T H R E A D  ---------------

Current thread (0x000002434da59000):  JavaThread "Unknown thread" [_thread_in_vm, id=1452, stack(0x000000b771700000,0x000000b771800000)]

Stack: [0x000000b771700000,0x000000b771800000]
Native frames: (J=compiled Java code, j=interpreted, Vv=VM code, C=native code)
V  [jvm.dll+0x5db31a]
V  [jvm.dll+0x70c395]
V  [jvm.dll+0x70d8b8]
V  [jvm.dll+0x70df83]
V  [jvm.dll+0x23dbb8]
V  [jvm.dll+0x5d8a74]
V  [jvm.dll+0x5cdb05]
V  [jvm.dll+0x2fa5bb]
V  [jvm.dll+0x2fa52a]
V  [jvm.dll+0x2fa402]
V  [jvm.dll+0x2ff2c6]
V  [jvm.dll+0x347893]
V  [jvm.dll+0x347f96]
V  [jvm.dll+0x347993]
V  [jvm.dll+0x2d4e28]
V  [jvm.dll+0x2d5fd7]
V  [jvm.dll+0x6eb717]
V  [jvm.dll+0x6ecf0c]
V  [jvm.dll+0x354fb9]
V  [jvm.dll+0x6d35be]
V  [jvm.dll+0x3bd673]
V  [jvm.dll+0x3bf9f1]
C  [java.exe+0x3763]
C  [java.exe+0x17a0c]
C  [KERNEL32.DLL+0x17974]
C  [ntdll.dll+0x6a271]


---------------  P R O C E S S  ---------------

Threads class SMR info:
_java_thread_list=0x000002434b808150, length=0, elements={
}

Java Threads: ( => current thread )

Other Threads:
  0x000002434da72800 GCTaskThread "GC Thread#0" [stack: 0x000000b771800000,0x000000b771900000] [id=7604]
  0x000002434da8d000 ConcurrentGCThread "G1 Main Marker" [stack: 0x000000b771900000,0x000000b771a00000] [id=12396]
  0x000002434da90000 ConcurrentGCThread "G1 Conc#0" [stack: 0x000000b771a00000,0x000000b771b00000] [id=14704]

[error occurred during error reporting (printing all threads), id 0xc0000005, EXCEPTION_ACCESS_VIOLATION (0xc0000005) at pc=0x00007ff9ed965727]

VM state:not at safepoint (not fully initialized)

VM Mutex/Monitor currently owned by a thread:  ([mutex/lock_event])
[0x000002434da558a0] Heap_lock - owner thread: 0x000002434da59000

Heap address: 0x00000000c2600000, size: 986 MB, Compressed Oops mode: Non-zero based: 0x00000000c2600000
Narrow klass base: 0x0000000000000000, Narrow klass shift: 0

GC Heap History (0 events):
No events

Deoptimization events (0 events):
No events

Classes redefined (0 events):
No events

Internal exceptions (0 events):
No events

Events (0 events):
No events


Dynamic libraries:
0x00007ff60a560000 - 0x00007ff60a5a7000 	C:\Program Files\JetBrains\WebStorm 2019.2.4\jbr\bin\java.exe
0x00007ffa34ca0000 - 0x00007ffa34e8d000 	C:\WINDOWS\SYSTEM32\ntdll.dll
0x00007ffa32080000 - 0x00007ffa32133000 	C:\WINDOWS\System32\KERNEL32.DLL
0x00007ffa31560000 - 0x00007ffa317f3000 	C:\WINDOWS\System32\KERNELBASE.dll
0x00007ffa322f0000 - 0x00007ffa32487000 	C:\WINDOWS\System32\USER32.dll
0x00007ffa31900000 - 0x00007ffa31920000 	C:\WINDOWS\System32\win32u.dll
0x00007ffa34690000 - 0x00007ffa346b9000 	C:\WINDOWS\System32\GDI32.dll
0x00007ffa319c0000 - 0x00007ffa31b59000 	C:\WINDOWS\System32\gdi32full.dll
0x00007ffa31920000 - 0x00007ffa319c0000 	C:\WINDOWS\System32\msvcp_win.dll
0x00007ffa31dc0000 - 0x00007ffa31eba000 	C:\WINDOWS\System32\ucrtbase.dll
0x00007ffa20020000 - 0x00007ffa20299000 	C:\WINDOWS\WinSxS\amd64_microsoft.windows.common-controls_6595b64144ccf1df_6.0.17763.864_none_05b3441807210760\COMCTL32.dll
0x00007ffa31fe0000 - 0x00007ffa3207e000 	C:\WINDOWS\System32\msvcrt.dll
0x00007ffa341c0000 - 0x00007ffa344ec000 	C:\WINDOWS\System32\combase.dll
0x00007ffa33c70000 - 0x00007ffa33d92000 	C:\WINDOWS\System32\RPCRT4.dll
0x00007ffa314e0000 - 0x00007ffa3155e000 	C:\WINDOWS\System32\bcryptPrimitives.dll
0x00007ffa33c40000 - 0x00007ffa33c6e000 	C:\WINDOWS\System32\IMM32.DLL
0x00007ffa2ab00000 - 0x00007ffa2ab17000 	C:\Program Files\JetBrains\WebStorm 2019.2.4\jbr\bin\vcruntime140.dll
0x00007ffa1dfb0000 - 0x00007ffa1e04d000 	C:\Program Files\JetBrains\WebStorm 2019.2.4\jbr\bin\msvcp140.dll
0x00007ff9ed680000 - 0x00007ff9ee138000 	C:\Program Files\JetBrains\WebStorm 2019.2.4\jbr\bin\server\jvm.dll
0x00007ffa31f20000 - 0x00007ffa31fc3000 	C:\WINDOWS\System32\ADVAPI32.dll
0x00007ffa340c0000 - 0x00007ffa3415e000 	C:\WINDOWS\System32\sechost.dll
0x00007ffa31fd0000 - 0x00007ffa31fd8000 	C:\WINDOWS\System32\PSAPI.DLL
0x00007ffa25910000 - 0x00007ffa25919000 	C:\WINDOWS\SYSTEM32\WSOCK32.dll
0x00007ffa27d20000 - 0x00007ffa27d44000 	C:\WINDOWS\SYSTEM32\WINMM.dll
0x00007ffa2a130000 - 0x00007ffa2a13a000 	C:\WINDOWS\SYSTEM32\VERSION.dll
0x00007ffa33e00000 - 0x00007ffa33e6d000 	C:\WINDOWS\System32\WS2_32.dll
0x00007ffa27cf0000 - 0x00007ffa27d1d000 	C:\WINDOWS\SYSTEM32\winmmbase.dll
0x00007ffa318b0000 - 0x00007ffa318fa000 	C:\WINDOWS\System32\cfgmgr32.dll
0x00007ffa30d40000 - 0x00007ffa30d51000 	C:\WINDOWS\System32\kernel.appcore.dll
0x00007ffa2b440000 - 0x00007ffa2b451000 	C:\Program Files\JetBrains\WebStorm 2019.2.4\jbr\bin\verify.dll
0x00007ffa2f5f0000 - 0x00007ffa2f7dd000 	C:\WINDOWS\SYSTEM32\DBGHELP.DLL
0x00007ffa2af70000 - 0x00007ffa2af9a000 	C:\WINDOWS\SYSTEM32\dbgcore.DLL
0x00007ffa1dd30000 - 0x00007ffa1dd59000 	C:\Program Files\JetBrains\WebStorm 2019.2.4\jbr\bin\java.dll
0x00007ffa2b3d0000 - 0x00007ffa2b3e7000 	C:\Program Files\JetBrains\WebStorm 2019.2.4\jbr\bin\zip.dll
0x00007ffa2b920000 - 0x00007ffa2b92b000 	C:\Program Files\JetBrains\WebStorm 2019.2.4\jbr\bin\jimage.dll

dbghelp: loaded successfully - version: 4.0.5 - missing functions: none
symbol engine: initialized successfully - sym options: 0x614 - pdb path: .;C:\Program Files\JetBrains\WebStorm 2019.2.4\jbr\bin;C:\WINDOWS\SYSTEM32;C:\WINDOWS\WinSxS\amd64_microsoft.windows.common-controls_6595b64144ccf1df_6.0.17763.864_none_05b3441807210760;C:\Program Files\JetBrains\WebStorm 2019.2.4\jbr\bin\server

VM Arguments:
java_command: org.jetbrains.git4idea.http.GitAskPassApp Username for 'https://github.com': 
java_class_path (initial): C:/Program Files/JetBrains/WebStorm 2019.2.4/plugins/git4idea/lib/git4idea-rt.jar;C:/Program Files/JetBrains/WebStorm 2019.2.4/lib/xmlrpc-2.0.1.jar;C:/Program Files/JetBrains/WebStorm 2019.2.4/lib/commons-codec-1.13.jar;C:/Program Files/JetBrains/WebStorm 2019.2.4/lib/util.jar
Launcher Type: SUN_STANDARD

[Global flags]
     intx CICompilerCount                          = 3                                         {product} {ergonomic}
     uint ConcGCThreads                            = 1                                         {product} {ergonomic}
     uint G1ConcRefinementThreads                  = 4                                         {product} {ergonomic}
   size_t G1HeapRegionSize                         = 1048576                                   {product} {ergonomic}
    uintx GCDrainStackTargetSize                   = 64                                        {product} {ergonomic}
   size_t InitialHeapSize                          = 65011712                                  {product} {ergonomic}
   size_t MarkStackSize                            = 4194304                                   {product} {ergonomic}
   size_t MaxHeapSize                              = 1033895936                                {product} {ergonomic}
   size_t MinHeapDeltaBytes                        = 1048576                                   {product} {ergonomic}
    uintx NonNMethodCodeHeapSize                   = 5830092                                {pd product} {ergonomic}
    uintx NonProfiledCodeHeapSize                  = 122914074                              {pd product} {ergonomic}
    uintx ProfiledCodeHeapSize                     = 122914074                              {pd product} {ergonomic}
    uintx ReservedCodeCacheSize                    = 251658240                              {pd product} {ergonomic}
     bool SegmentedCodeCache                       = true                                      {product} {ergonomic}
     bool UseCompressedClassPointers               = true                                 {lp64_product} {ergonomic}
     bool UseCompressedOops                        = true                                 {lp64_product} {ergonomic}
     bool UseG1GC                                  = true                                      {product} {ergonomic}
     bool UseLargePagesIndividualAllocation        = false                                  {pd product} {ergonomic}

Logging:
Log output configuration:
 #0: stdout all=warning uptime,level,tags
 #1: stderr all=off uptime,level,tags

Environment Variables:
PATH=C:\Program Files\Git\mingw64\libexec\git-core;C:\Program Files\Git\mingw64\libexec\git-core;C:\Program Files\Git\mingw64\bin;C:\Program Files\Git\usr\bin;C:\Users\epicd\bin;C:\Program Files (x86)\Common Files\NetSarang;C:\Program Files (x86)\Common Files\Oracle\Java\javapath;C:\ProgramData\Oracle\Java\javapath;C:\Program Files (x86)\Intel\TXE Components\iCLS;C:\Program Files\Intel\TXE Components\iCLS;C:\WINDOWS\system32;C:\WINDOWS;C:\WINDOWS\System32\Wbem;C:\WINDOWS\System32\WindowsPowerShell\v1.0;C:\Program Files\Intel\TXE Components\DAL;C:\Program Files (x86)\Intel\TXE Components\DAL;C:\Program Files\Intel\TXE Components\IPT;C:\Program Files (x86)\Intel\TXE Components\IPT;C:\Program Files\Intel\WiFi\bin;C:\Program Files\Common Files\Intel\WirelessCommon;C:\WINDOWS\System32\OpenSSH;C:\Program Files\Git\cmd;C:\Program Files\nodejs;C:\Program Files (x86)\Yarn\bin;C:\Users\epicd\AppData\Local\Microsoft\WindowsApps;C:\Users\epicd\AppData\Local\atom\bin;C:\Users\epicd\AppData\Local\Microsoft\WindowsApps;C:\Users\epicd\AppData\Roaming\npm;C:\Users\epicd\AppData\Local\Yarn\bin;C:\Program Files\PostgreSQL\12\bin
USERNAME=epicd
DISPLAY=:0.0
OS=Windows_NT
PROCESSOR_IDENTIFIER=Intel64 Family 6 Model 92 Stepping 9, GenuineIntel



---------------  S Y S T E M  ---------------

OS: Windows 10 , 64 bit Build 17763 (10.0.17763.475)

CPU:total 4 (initial active 4) (4 cores per cpu, 1 threads per core) family 6 model 92 stepping 9, cmov, cx8, fxsr, mmx, sse, sse2, sse3, ssse3, sse4.1, sse4.2, popcnt, aes, clmul, erms, 3dnowpref, tsc, tscinvbit, sha

Memory: 4k page, system-wide physical 3936M (440M free)
TotalPageFile size 8281M (AvailPageFile size 56M)
current process WorkingSet (physical memory assigned to process): 9M, peak: 9M
current process commit charge ("private bytes"): 51M, peak: 113M

vm_info: OpenJDK 64-Bit Server VM (11.0.4+10-b304.77) for windows-amd64 JRE (11.0.4+10-b304.77), built on Oct 10 2019 15:02:36 by "" with MS VC++ 14.0 (VS2015)

END.
